e:\ru\sdp\kursova\kursova\debug\main.obj
e:\ru\sdp\kursova\kursova\debug\vc100.pdb
e:\ru\sdp\kursova\debug\kursova.ilk
e:\ru\sdp\kursova\debug\kursova.exe
e:\ru\sdp\kursova\kursova\debug\kursova.exe.intermediate.manifest
e:\ru\sdp\kursova\debug\kursova.pdb
e:\ru\sdp\kursova\kursova\debug\kursova.exe.embed.manifest
e:\ru\sdp\kursova\kursova\debug\kursova.exe.embed.manifest.res
d:\radi\radi ru\sdp\kursova\kursova\debug\vc140.pdb
d:\radi\radi ru\sdp\kursova\kursova\debug\vc140.idb
d:\radi\radi ru\sdp\kursova\kursova\debug\main.obj
d:\radi\radi ru\sdp\kursova\debug\kursova.ilk
d:\radi\radi ru\sdp\kursova\debug\kursova.exe
d:\radi\radi ru\sdp\kursova\debug\kursova.pdb
d:\radi\radi ru\sdp\kursova\kursova\debug\cl.command.1.tlog
d:\radi\radi ru\sdp\kursova\kursova\debug\cl.read.1.tlog
d:\radi\radi ru\sdp\kursova\kursova\debug\cl.write.1.tlog
d:\radi\radi ru\sdp\kursova\kursova\debug\link-cvtres.read.1.tlog
d:\radi\radi ru\sdp\kursova\kursova\debug\link-cvtres.write.1.tlog
d:\radi\radi ru\sdp\kursova\kursova\debug\link.496-cvtres.read.1.tlog
d:\radi\radi ru\sdp\kursova\kursova\debug\link.496-cvtres.write.1.tlog
d:\radi\radi ru\sdp\kursova\kursova\debug\link.496.read.1.tlog
d:\radi\radi ru\sdp\kursova\kursova\debug\link.496.write.1.tlog
d:\radi\radi ru\sdp\kursova\kursova\debug\link.command.1.tlog
d:\radi\radi ru\sdp\kursova\kursova\debug\link.read.1.tlog
d:\radi\radi ru\sdp\kursova\kursova\debug\link.write.1.tlog
d:\radi\radi ru\sdp\kursova\kursova\debug\mt.command.1.tlog
d:\radi\radi ru\sdp\kursova\kursova\debug\mt.read.1.tlog
d:\radi\radi ru\sdp\kursova\kursova\debug\mt.write.1.tlog
d:\radi\radi ru\sdp\kursova\kursova\debug\rc.command.1.tlog
d:\radi\radi ru\sdp\kursova\kursova\debug\rc.read.1.tlog
d:\radi\radi ru\sdp\kursova\kursova\debug\rc.write.1.tlog
d:\radi\radi ru\sdp\kursova\kursova\debug\kursova.exe.embed.manifest
d:\radi\radi ru\sdp\kursova\kursova\debug\kursova.exe.intermediate.manifest
d:\radi\radi ru\sdp\kursova\kursova\debug\kursova.exe.embed.manifest.res
d:\radi\radi ru\sdp\kursova\kursova\debug\vc100.idb
d:\radi\radi ru\sdp\kursova\kursova\debug\vc100.pdb
d:\radi\radi ru\sdp\kursova\kursova\debug\kursova_manifest.rc
d:\radi\radi ru\sdp\kursova\kursova\debug\kursova.tlog\cl.command.1.tlog
d:\radi\radi ru\sdp\kursova\kursova\debug\kursova.tlog\cl.read.1.tlog
d:\radi\radi ru\sdp\kursova\kursova\debug\kursova.tlog\cl.write.1.tlog
d:\radi\radi ru\sdp\kursova\kursova\debug\kursova.tlog\link.command.1.tlog
d:\radi\radi ru\sdp\kursova\kursova\debug\kursova.tlog\link.read.1.tlog
d:\radi\radi ru\sdp\kursova\kursova\debug\kursova.tlog\link.write.1.tlog
